<?xml version="1.0" encoding="UTF-8"?>
<!-- Generated by org.testng.reporters.JUnitReportReporter -->
<testsuite skipped="0" hostname="DESKTOP-1P8HDA4" name="com.testcases.Facebook_logintestcase" tests="1" failures="0" timestamp="16 Sep 2020 07:13:58 GMT" time="0.698" errors="0">
  <testcase name="login" time="0.698" classname="com.testcases.Facebook_logintestcase"/>
</testsuite> <!-- com.testcases.Facebook_logintestcase -->
