<?xml version="1.0" encoding="UTF-8"?>
<!-- Generated by org.testng.reporters.JUnitReportReporter -->
<testsuite skipped="0" hostname="DESKTOP-1P8HDA4" name="com.testcases.OrangeHrm_logintestcase" tests="1" failures="0" timestamp="17 Sep 2020 07:00:31 GMT" time="0.720" errors="0">
  <testcase name="login" time="0.720" classname="com.testcases.OrangeHrm_logintestcase"/>
</testsuite> <!-- com.testcases.OrangeHrm_logintestcase -->
